version https://git-lfs.github.com/spec/v1
oid sha256:dcfd7dbbc243cbdce1fdcdd46d332056ac64bb9dbfa98fb4d86cb2256b4db0ad
size 5866
