version https://git-lfs.github.com/spec/v1
oid sha256:d166225be26a28999dc3d7c2e6b15b72a8daf35f238d531c6da79ccf18b21636
size 5497
