version https://git-lfs.github.com/spec/v1
oid sha256:24e230305d64e039f9d672bab8e14840a79580e52caf2397a9dc0d26bcf65f8d
size 5748
