version https://git-lfs.github.com/spec/v1
oid sha256:2f2af5fc65184ec92e1088f72751a224dde7f8934e2a074bd2b5fed34f0a5811
size 5766
