version https://git-lfs.github.com/spec/v1
oid sha256:7c2e575d1c2cdfda0d293e81cea6a007a5dc080f995d5cb5eb92b4b8e80ef873
size 6249
