version https://git-lfs.github.com/spec/v1
oid sha256:10dd886270bfb78faf931b2055c03f88466c4b2b3afe081337ea6833b7fa171b
size 5430
