version https://git-lfs.github.com/spec/v1
oid sha256:c66636415d98b6bdf973032a59e658380ee908cca0ff8773577f379d24057d48
size 5699
