version https://git-lfs.github.com/spec/v1
oid sha256:4e1e262e2100d900b23643ab9205534fe9a069bfce9e842d8e23663d4760689c
size 5552
