version https://git-lfs.github.com/spec/v1
oid sha256:085d0fff602b3d0de34a127bf9d3a6d7da7c5a112c89221e1cbfe610045f4ae0
size 5594
