version https://git-lfs.github.com/spec/v1
oid sha256:88091a0d3a60edf63c22c3126a344d3f38c46a3bbea9fb858048adb75789a50d
size 5850
