version https://git-lfs.github.com/spec/v1
oid sha256:980ef8f714ae8907a400927441bb4c9b69480f3a227e7493c976bf17d85a81ca
size 5496
