version https://git-lfs.github.com/spec/v1
oid sha256:16f5ad72bb3531215d190595a7281b560d426f50528c4d46d53db8d659335023
size 5616
