version https://git-lfs.github.com/spec/v1
oid sha256:3f4b7ae66890e08fb78ddb38e82793ecded27a8932158b1db68dff42faa9c87d
size 5987
