version https://git-lfs.github.com/spec/v1
oid sha256:cf18e8469a9bfb51c45b35b74d5e0177c680d559aa7969d065a83741da669276
size 5500
