version https://git-lfs.github.com/spec/v1
oid sha256:f5af10888f5a045bb8709c00053e2e24bd2737ad75308327d3c4d36e71defc4f
size 5759
