version https://git-lfs.github.com/spec/v1
oid sha256:e6492835661339b63e24c393476e7a5c090d46a3b322257624d4e1e63b5aa599
size 5762
