version https://git-lfs.github.com/spec/v1
oid sha256:f06bf8f217a62b83614c36ce12e5597fc8822b86269368b4706b91cb9af01257
size 5836
