version https://git-lfs.github.com/spec/v1
oid sha256:45574e518eefd1ec0e68d9fde1c70e0ee139d835c0c686301d7833429b74d256
size 5700
