version https://git-lfs.github.com/spec/v1
oid sha256:4ed1c24f0142574867ec438d3e174d4d1e2aca93cb5196ffda254944912fbf3e
size 5618
