version https://git-lfs.github.com/spec/v1
oid sha256:c76eed260ee749fb50eaa74222ed666f48384894777a88e9225992ae831e8d2d
size 5760
