version https://git-lfs.github.com/spec/v1
oid sha256:866bab22e3d1c37b76703391cf325ccdc183847e495d1e4b9beb6b23207d31e6
size 6179
