version https://git-lfs.github.com/spec/v1
oid sha256:c337bbec9eb864fa3b6910e80b2f7543ffae762f0fad57720bd4fe410be8c9d5
size 6195
