version https://git-lfs.github.com/spec/v1
oid sha256:db828031b388e041bd3b7c92f95ccf8ce28825396bffb8b753b0ebb5eea03688
size 5488
