version https://git-lfs.github.com/spec/v1
oid sha256:bc1320ae76a87d02eeb15e7ac3cb9c9f1468f01b31d173e7ed196af517dbee46
size 5640
