version https://git-lfs.github.com/spec/v1
oid sha256:b1d7daa4564194261992ca365685da598262172f72ec5951b9f577a762a8fb69
size 5982
