version https://git-lfs.github.com/spec/v1
oid sha256:7ace0ff303be6aac0187ada7820da9da5e5e29f7f230bd7ab90010bf7dbde6b0
size 5430
