version https://git-lfs.github.com/spec/v1
oid sha256:4e92bf2527e53fc2c0f0fb67c45c6c1c99c561d0082518216206f401ea66cce0
size 5514
