version https://git-lfs.github.com/spec/v1
oid sha256:adc10993bf93f4af5315c66ea9d3f502d89a2e6fa6e71106ed5a0fabe8e25f48
size 5436
