version https://git-lfs.github.com/spec/v1
oid sha256:850ac4fb0b1713ae37b38d195295eef16249731318f8690e1db19ee03fd416cc
size 5564
