version https://git-lfs.github.com/spec/v1
oid sha256:65568110f074c9c99dac72532f9e3c589ed36f3c1ae499fe71376b551283ec19
size 5912
