version https://git-lfs.github.com/spec/v1
oid sha256:2294646e05c5c4742f0a3a3a21e5201493eb7fcbc5efb01f4a9abdff64a269b9
size 5752
