version https://git-lfs.github.com/spec/v1
oid sha256:0f428966c776bb6b93100a21bfe35956e6e946bf0b2b733d7f7f12c5a89e54e8
size 5593
