version https://git-lfs.github.com/spec/v1
oid sha256:3a5e0606f0b22f0764e975033d5ed82c41a4d3b157e31e9eb6700df9c5f6daaa
size 6292
