version https://git-lfs.github.com/spec/v1
oid sha256:22f2b6af68bc202bbd465945f78f5b4cfb422342a3d708c8f9d21672531bceaf
size 5876
