version https://git-lfs.github.com/spec/v1
oid sha256:2311486b17e86682012b0aefa3b0186f76ae1a029a70779ef692823aaca4437b
size 5653
