version https://git-lfs.github.com/spec/v1
oid sha256:03e71b34b7f4ed6b6602a49077464ef8ec7c442e77ab5671a1174091b5796f3c
size 5659
