version https://git-lfs.github.com/spec/v1
oid sha256:697b150778762c30507bcb694b6056cee47c03a9f4c78c479e528eb2d3958d4c
size 5890
