version https://git-lfs.github.com/spec/v1
oid sha256:0443a457ff422bc74ff016d4d2129d689e5ba6d4a21acbefc81db5e32b4a586a
size 6532
