version https://git-lfs.github.com/spec/v1
oid sha256:1e4bfb7f1cb275fe16a502492ebe483cf1c6c6c5612869bbeeccf37873cd6997
size 5711
