version https://git-lfs.github.com/spec/v1
oid sha256:54931a1339de755ed01e07b8920d83ab3aa42a5f8fa918cbdd6f00d53324c7f7
size 5484
