version https://git-lfs.github.com/spec/v1
oid sha256:2ba98681aa565a83ac3434469b56b8c5357fc4aa78c6a8863ded91e47b6d3096
size 6137
