version https://git-lfs.github.com/spec/v1
oid sha256:9da81e9ba5f4cfbce5acfb22e79aedaab61763349150adbda128528efb92748e
size 5896
