version https://git-lfs.github.com/spec/v1
oid sha256:a69eb5c33ad3b7db04135f4a56f77ed59e5ed19cd5064bcdcb5a122e221a1174
size 5492
