version https://git-lfs.github.com/spec/v1
oid sha256:c09c780c0a648f46e7ff1af70fa14a7051259e23c6d9fdf9fadd3e8760384a36
size 5577
