version https://git-lfs.github.com/spec/v1
oid sha256:4416950fefa5c7b742061dd2ca707210a3728c7eaef0163ac04092f6b713d497
size 30583
