version https://git-lfs.github.com/spec/v1
oid sha256:232fca57ed5bca224472a1e6ae683fa2013ff061e3b03f1134341600a5b6a2f1
size 31500
