version https://git-lfs.github.com/spec/v1
oid sha256:a335f55b7ce040f6f31566a7789ec63c79ecc34972b5b91448564614b99b75d2
size 5404
